<?xml version="1.0" encoding="utf-8"?><testsuites><testsuite errors="0" failures="0" hostname="DESKTOP-32MPECS" name="pytest" skipped="0" tests="4" time="3.011" timestamp="2020-05-15T17:44:02.125611"><testcase classname="test_submit" file="test_submit.py" line="3" name="test_q1" time="0.072"></testcase><testcase classname="test_submit" file="test_submit.py" line="8" name="test_q2" time="0.033"></testcase><testcase classname="test_submit" file="test_submit.py" line="13" name="test_q3" time="0.070"></testcase><testcase classname="test_submit" file="test_submit.py" line="18" name="test_q4" time="0.295"></testcase></testsuite></testsuites>