<?xml version="1.0" encoding="utf-8"?><testsuites><testsuite errors="0" failures="0" hostname="DESKTOP-32MPECS" name="pytest" skipped="0" tests="7" time="4.188" timestamp="2020-05-24T14:30:14.131762"><testcase classname="test_submit" file="test_submit.py" line="3" name="test_q1" time="0.002"></testcase><testcase classname="test_submit" file="test_submit.py" line="11" name="test_q2" time="0.002"></testcase><testcase classname="test_submit" file="test_submit.py" line="16" name="test_q3" time="0.008"></testcase><testcase classname="test_submit" file="test_submit.py" line="21" name="test_q4" time="0.012"></testcase><testcase classname="test_submit" file="test_submit.py" line="26" name="test_q5" time="0.018"><system-out>Faixa considerada &quot;normal&quot;: (-3.8149999999999995, 3.885)
</system-out></testcase><testcase classname="test_submit" file="test_submit.py" line="34" name="test_q6" time="0.377"></testcase><testcase classname="test_submit" file="test_submit.py" line="39" name="test_q7" time="0.765"></testcase></testsuite></testsuites>